sending incremental file list
./
.gitignore
.gitmodules
.git/
.git/COMMIT_EDITMSG
.git/config
.git/index
.git/hooks/
.git/info/
.git/logs/
.git/logs/HEAD
.git/logs/refs/
.git/logs/refs/heads/
.git/logs/refs/heads/main
.git/modules/
.git/modules/scripts/
.git/modules/scripts/dataset/
.git/modules/scripts/dataset/Lilly-Medchem-Rules_submodule/
file has vanished: "/users/yhb18174/Recreating_DMTA/.git/modules/scripts/dataset/Lilly-Medchem-Rules_submodule/HEAD"
file has vanished: "/users/yhb18174/Recreating_DMTA/.git/modules/scripts/dataset/Lilly-Medchem-Rules_submodule/config"
file has vanished: "/users/yhb18174/Recreating_DMTA/.git/modules/scripts/dataset/Lilly-Medchem-Rules_submodule/description"
file has vanished: "/users/yhb18174/Recreating_DMTA/.git/modules/scripts/dataset/Lilly-Medchem-Rules_submodule/index"
file has vanished: "/users/yhb18174/Recreating_DMTA/.git/modules/scripts/dataset/Lilly-Medchem-Rules_submodule/packed-refs"
.git/modules/scripts/dataset/Lilly-Medchem-Rules_submodule/hooks/
file has vanished: "/users/yhb18174/Recreating_DMTA/.git/modules/scripts/dataset/Lilly-Medchem-Rules_submodule/hooks/applypatch-msg.sample"
file has vanished: "/users/yhb18174/Recreating_DMTA/.git/modules/scripts/dataset/Lilly-Medchem-Rules_submodule/hooks/commit-msg.sample"
file has vanished: "/users/yhb18174/Recreating_DMTA/.git/modules/scripts/dataset/Lilly-Medchem-Rules_submodule/hooks/fsmonitor-watchman.sample"
file has vanished: "/users/yhb18174/Recreating_DMTA/.git/modules/scripts/dataset/Lilly-Medchem-Rules_submodule/hooks/post-update.sample"
file has vanished: "/users/yhb18174/Recreating_DMTA/.git/modules/scripts/dataset/Lilly-Medchem-Rules_submodule/hooks/pre-applypatch.sample"
file has vanished: "/users/yhb18174/Recreating_DMTA/.git/modules/scripts/dataset/Lilly-Medchem-Rules_submodule/hooks/pre-commit.sample"
file has vanished: "/users/yhb18174/Recreating_DMTA/.git/modules/scripts/dataset/Lilly-Medchem-Rules_submodule/hooks/pre-merge-commit.sample"
file has vanished: "/users/yhb18174/Recreating_DMTA/.git/modules/scripts/dataset/Lilly-Medchem-Rules_submodule/hooks/pre-push.sample"
file has vanished: "/users/yhb18174/Recreating_DMTA/.git/modules/scripts/dataset/Lilly-Medchem-Rules_submodule/hooks/pre-rebase.sample"
file has vanished: "/users/yhb18174/Recreating_DMTA/.git/modules/scripts/dataset/Lilly-Medchem-Rules_submodule/hooks/pre-receive.sample"
file has vanished: "/users/yhb18174/Recreating_DMTA/.git/modules/scripts/dataset/Lilly-Medchem-Rules_submodule/hooks/prepare-commit-msg.sample"
file has vanished: "/users/yhb18174/Recreating_DMTA/.git/modules/scripts/dataset/Lilly-Medchem-Rules_submodule/hooks/push-to-checkout.sample"
file has vanished: "/users/yhb18174/Recreating_DMTA/.git/modules/scripts/dataset/Lilly-Medchem-Rules_submodule/hooks/update.sample"
.git/modules/scripts/dataset/Lilly-Medchem-Rules_submodule/info/
file has vanished: "/users/yhb18174/Recreating_DMTA/.git/modules/scripts/dataset/Lilly-Medchem-Rules_submodule/info/exclude"
.git/modules/scripts/dataset/Lilly-Medchem-Rules_submodule/logs/
file has vanished: "/users/yhb18174/Recreating_DMTA/.git/modules/scripts/dataset/Lilly-Medchem-Rules_submodule/logs/HEAD"
.git/modules/scripts/dataset/Lilly-Medchem-Rules_submodule/logs/refs/
.git/modules/scripts/dataset/Lilly-Medchem-Rules_submodule/logs/refs/heads/
file has vanished: "/users/yhb18174/Recreating_DMTA/.git/modules/scripts/dataset/Lilly-Medchem-Rules_submodule/logs/refs/heads/master"
.git/modules/scripts/dataset/Lilly-Medchem-Rules_submodule/logs/refs/remotes/
.git/modules/scripts/dataset/Lilly-Medchem-Rules_submodule/logs/refs/remotes/origin/
file has vanished: "/users/yhb18174/Recreating_DMTA/.git/modules/scripts/dataset/Lilly-Medchem-Rules_submodule/logs/refs/remotes/origin/HEAD"
.git/modules/scripts/dataset/Lilly-Medchem-Rules_submodule/objects/
.git/modules/scripts/dataset/Lilly-Medchem-Rules_submodule/objects/info/
.git/modules/scripts/dataset/Lilly-Medchem-Rules_submodule/objects/pack/
file has vanished: "/users/yhb18174/Recreating_DMTA/.git/modules/scripts/dataset/Lilly-Medchem-Rules_submodule/objects/pack/pack-1c9df4a3ede182604ca2fe4d3d99041c7ab1022f.idx"
file has vanished: "/users/yhb18174/Recreating_DMTA/.git/modules/scripts/dataset/Lilly-Medchem-Rules_submodule/objects/pack/pack-1c9df4a3ede182604ca2fe4d3d99041c7ab1022f.pack"
.git/modules/scripts/dataset/Lilly-Medchem-Rules_submodule/refs/
.git/modules/scripts/dataset/Lilly-Medchem-Rules_submodule/refs/heads/
file has vanished: "/users/yhb18174/Recreating_DMTA/.git/modules/scripts/dataset/Lilly-Medchem-Rules_submodule/refs/heads/master"
.git/modules/scripts/dataset/Lilly-Medchem-Rules_submodule/refs/remotes/
.git/modules/scripts/dataset/Lilly-Medchem-Rules_submodule/refs/remotes/origin/
file has vanished: "/users/yhb18174/Recreating_DMTA/.git/modules/scripts/dataset/Lilly-Medchem-Rules_submodule/refs/remotes/origin/HEAD"
.git/modules/scripts/dataset/Lilly-Medchem-Rules_submodule/refs/tags/
.git/objects/
.git/objects/01/
.git/objects/01/2395a2d9a9857f9fd9f6a6c79d9e307a2f3012
.git/objects/02/
.git/objects/02/a86d62ca48bdf16daaf27ef273fe27d39736da
.git/objects/04/
.git/objects/04/bc7e9f231f15bda8d63875913a16f79c065eb3
.git/objects/0f/
.git/objects/0f/edc2cfb8ca91dd0bcc711546d2ab1fc6e53183
.git/objects/12/
.git/objects/12/0fb860103e7e39a4aed7a0964cf77d0c207fa2
.git/objects/14/
.git/objects/14/9e29cf91317c6e8bc12cc323eaf42117b443b5
.git/objects/1a/
.git/objects/1a/1ac716a2d81c3ef2f2f9ff70bc1accd55985d7
.git/objects/1d/
.git/objects/1d/1d7714070920c6c03c5c2a071f532ca248b3f0
.git/objects/2f/
.git/objects/2f/f09ad80649687834f8496fb94a6c7e9c77722a
.git/objects/34/
.git/objects/34/0b13f5ed9fd5e44aaf87a835a3f2ea0f386f50
.git/objects/39/
.git/objects/39/88c2fdc43ebfddd6edcc6e790e4d4dac178866
.git/objects/3c/
.git/objects/3c/4fa5d91c5f8c960128f03426c9edbec69451dc
.git/objects/3c/5552c2295a9d4ce04c17b8dcfe81ac5790a101
.git/objects/42/
.git/objects/42/42f19c27fdcae14fa786b90dd11f8ee0c50e92
.git/objects/50/
.git/objects/50/71527332354aa865583da0e4eefff0e42a5277
.git/objects/53/
.git/objects/53/f7777c37770e589da338fed24593dd5ef6dbdb
.git/objects/5a/
.git/objects/5a/b1e18133990effe1d626cfdb6d54e869805e06
.git/objects/6f/
.git/objects/6f/565c6c13f30eef30ee3b8d85b232690958cc71
.git/objects/73/
.git/objects/73/d94bc96a7e1f7a719adfe1015a3087227a0838
.git/objects/74/
.git/objects/74/33b5e675d77c26dbf219291bde59a42373addf
.git/objects/78/
.git/objects/78/389c8b298268e536711774b92b0261796de213
.git/objects/81/
.git/objects/81/b5294ce3aef87e716521a9c2c0a2445f27df70
.git/objects/84/
.git/objects/84/5811a10d0bd2770eed18adba1b6c4812f74eb5
.git/objects/87/
.git/objects/87/0e7ba4edbf7af253ec2cb27b45344daaae449f
.git/objects/99/
.git/objects/99/206f577bb8fe18dd5b6ce7aa68536ffefec6d7
.git/objects/a1/
.git/objects/a1/646d94b29196e653fc43c0f7b13639f930af6c
.git/objects/b0/
.git/objects/b0/e631fb6dcc2a4401ee25e70a1baf553161d027
.git/objects/b1/
.git/objects/b1/ae6094b127192d8dabb4fd52e70a773c2452d1
.git/objects/b1/ef2495ec0b408cdeaef1c328ad4b416873042b
.git/objects/cd/
.git/objects/cd/b20e7581f78d63d6b8aa216c49c283ddb6fd81
.git/objects/ce/
.git/objects/ce/91255a5adeb8a01c0f8834860f4310a4707cf4
.git/objects/cf/
.git/objects/cf/42037af55f856abac1100d6e27b91dc8bce4b1
.git/objects/da/
.git/objects/da/ee575ff7e013dcba12719bc9f68305fc975fa6
.git/objects/dc/
.git/objects/dc/5d00393959fc7b42cf223baa974fbf213735c6
.git/objects/df/
.git/objects/df/eaa38cd33b295d8038f81c6be1b2a73ce2d43e
.git/objects/ef/
.git/objects/ef/ddc3ebc24b611b5e08f414b2f380ee62253391
.git/objects/info/
.git/objects/pack/
.git/refs/
.git/refs/heads/
.git/refs/heads/main
.git/refs/tags/
RF_model/
RF_model/.git/
RF_model/.git/objects/
RF_model/.git/objects/00/
RF_model/.git/objects/01/
RF_model/.git/objects/02/
RF_model/.git/objects/03/
RF_model/.git/objects/04/
RF_model/.git/objects/05/
RF_model/.git/objects/06/
RF_model/.git/objects/07/
RF_model/.git/objects/08/
RF_model/.git/objects/09/
RF_model/.git/objects/0a/
RF_model/.git/objects/0b/
RF_model/.git/objects/0c/
RF_model/.git/objects/0d/
RF_model/.git/objects/0e/
RF_model/.git/objects/0f/
RF_model/.git/objects/10/
RF_model/.git/objects/11/
RF_model/.git/objects/12/
RF_model/.git/objects/13/
RF_model/.git/objects/14/
RF_model/.git/objects/15/
RF_model/.git/objects/16/
RF_model/.git/objects/17/
RF_model/.git/objects/18/
RF_model/.git/objects/19/
RF_model/.git/objects/1a/
RF_model/.git/objects/1b/
RF_model/.git/objects/1c/
RF_model/.git/objects/1d/
RF_model/.git/objects/1e/
RF_model/.git/objects/1f/
RF_model/.git/objects/20/
RF_model/.git/objects/21/
RF_model/.git/objects/22/
RF_model/.git/objects/23/
RF_model/.git/objects/24/
RF_model/.git/objects/25/
RF_model/.git/objects/26/
RF_model/.git/objects/27/
RF_model/.git/objects/28/
RF_model/.git/objects/29/
RF_model/.git/objects/2a/
RF_model/.git/objects/2b/
RF_model/.git/objects/2c/
RF_model/.git/objects/2d/
RF_model/.git/objects/2e/
RF_model/.git/objects/2f/
RF_model/.git/objects/30/
RF_model/.git/objects/31/
RF_model/.git/objects/32/
RF_model/.git/objects/33/
RF_model/.git/objects/34/
RF_model/.git/objects/35/
RF_model/.git/objects/36/
RF_model/.git/objects/37/
RF_model/.git/objects/38/
RF_model/.git/objects/39/
RF_model/.git/objects/3a/
RF_model/.git/objects/3b/
RF_model/.git/objects/3c/
RF_model/.git/objects/3d/
RF_model/.git/objects/3e/
RF_model/.git/objects/3f/
RF_model/.git/objects/40/
RF_model/.git/objects/41/
RF_model/.git/objects/42/
RF_model/.git/objects/43/
RF_model/.git/objects/44/
RF_model/.git/objects/45/
RF_model/.git/objects/46/
RF_model/.git/objects/47/
RF_model/.git/objects/48/
RF_model/.git/objects/49/
RF_model/.git/objects/4a/
RF_model/.git/objects/4b/
RF_model/.git/objects/4c/
RF_model/.git/objects/4d/
RF_model/.git/objects/4e/
RF_model/.git/objects/4f/
RF_model/.git/objects/50/
RF_model/.git/objects/51/
RF_model/.git/objects/52/
RF_model/.git/objects/53/
RF_model/.git/objects/54/
RF_model/.git/objects/55/
RF_model/.git/objects/56/
RF_model/.git/objects/57/
RF_model/.git/objects/58/
RF_model/.git/objects/59/
RF_model/.git/objects/5a/
RF_model/.git/objects/5b/
RF_model/.git/objects/5c/
RF_model/.git/objects/5d/
RF_model/.git/objects/5e/
RF_model/.git/objects/5f/
RF_model/.git/objects/60/
RF_model/.git/objects/61/
RF_model/.git/objects/62/
RF_model/.git/objects/63/
RF_model/.git/objects/64/
RF_model/.git/objects/65/
RF_model/.git/objects/66/
RF_model/.git/objects/67/
RF_model/.git/objects/68/
RF_model/.git/objects/69/
RF_model/.git/objects/6a/
RF_model/.git/objects/6b/
RF_model/.git/objects/6c/
RF_model/.git/objects/6d/
RF_model/.git/objects/6e/
RF_model/.git/objects/6f/
RF_model/.git/objects/70/
RF_model/.git/objects/71/
RF_model/.git/objects/72/
RF_model/.git/objects/73/
RF_model/.git/objects/74/
RF_model/.git/objects/75/
RF_model/.git/objects/76/
RF_model/.git/objects/77/
RF_model/.git/objects/78/
RF_model/.git/objects/79/
RF_model/.git/objects/7a/
RF_model/.git/objects/7b/
RF_model/.git/objects/7c/
RF_model/.git/objects/7d/
RF_model/.git/objects/7e/
RF_model/.git/objects/7f/
RF_model/.git/objects/80/
RF_model/.git/objects/81/
RF_model/.git/objects/82/
RF_model/.git/objects/83/
RF_model/.git/objects/84/
RF_model/.git/objects/85/
RF_model/.git/objects/86/
RF_model/.git/objects/87/
RF_model/.git/objects/88/
RF_model/.git/objects/89/
RF_model/.git/objects/8a/
RF_model/.git/objects/8b/
RF_model/.git/objects/8c/
RF_model/.git/objects/8d/
RF_model/.git/objects/8e/
RF_model/.git/objects/8f/
RF_model/.git/objects/90/
RF_model/.git/objects/91/
RF_model/.git/objects/92/
RF_model/.git/objects/93/
RF_model/.git/objects/94/
RF_model/.git/objects/95/
RF_model/.git/objects/96/
RF_model/.git/objects/97/
RF_model/.git/objects/98/
RF_model/.git/objects/99/
RF_model/.git/objects/9a/
RF_model/.git/objects/9b/
RF_model/.git/objects/9c/
RF_model/.git/objects/9d/
RF_model/.git/objects/9e/
RF_model/.git/objects/9f/
RF_model/.git/objects/a0/
RF_model/.git/objects/a1/
RF_model/.git/objects/a2/
RF_model/.git/objects/a3/
RF_model/.git/objects/a4/
RF_model/.git/objects/a5/
RF_model/.git/objects/a6/
RF_model/.git/objects/a7/
RF_model/.git/objects/a8/
RF_model/.git/objects/a9/
RF_model/.git/objects/aa/
RF_model/.git/objects/ab/
RF_model/.git/objects/ac/
RF_model/.git/objects/ad/
RF_model/.git/objects/ae/
RF_model/.git/objects/af/
RF_model/.git/objects/b0/
RF_model/.git/objects/b1/
RF_model/.git/objects/b2/
RF_model/.git/objects/b3/
RF_model/.git/objects/b4/
RF_model/.git/objects/b5/
RF_model/.git/objects/b6/
directory has vanished: "/users/yhb18174/Recreating_DMTA/RF_model/.git/objects/ee"
directory has vanished: "/users/yhb18174/Recreating_DMTA/RF_model/.git/objects/ef"
directory has vanished: "/users/yhb18174/Recreating_DMTA/RF_model/.git/objects/f0"
directory has vanished: "/users/yhb18174/Recreating_DMTA/RF_model/.git/objects/f1"
directory has vanished: "/users/yhb18174/Recreating_DMTA/RF_model/.git/objects/f2"
directory has vanished: "/users/yhb18174/Recreating_DMTA/RF_model/.git/objects/f3"
directory has vanished: "/users/yhb18174/Recreating_DMTA/RF_model/.git/objects/f4"
directory has vanished: "/users/yhb18174/Recreating_DMTA/RF_model/.git/objects/f5"
directory has vanished: "/users/yhb18174/Recreating_DMTA/RF_model/.git/objects/f6"
directory has vanished: "/users/yhb18174/Recreating_DMTA/RF_model/.git/objects/f7"
directory has vanished: "/users/yhb18174/Recreating_DMTA/RF_model/.git/objects/f8"
directory has vanished: "/users/yhb18174/Recreating_DMTA/RF_model/.git/objects/f9"
directory has vanished: "/users/yhb18174/Recreating_DMTA/RF_model/.git/objects/fa"
directory has vanished: "/users/yhb18174/Recreating_DMTA/RF_model/.git/objects/fb"
directory has vanished: "/users/yhb18174/Recreating_DMTA/RF_model/.git/objects/fc"
directory has vanished: "/users/yhb18174/Recreating_DMTA/RF_model/.git/objects/fd"
directory has vanished: "/users/yhb18174/Recreating_DMTA/RF_model/.git/objects/fe"
directory has vanished: "/users/yhb18174/Recreating_DMTA/RF_model/.git/objects/ff"
directory has vanished: "/users/yhb18174/Recreating_DMTA/RF_model/programs"
directory has vanished: "/users/yhb18174/Recreating_DMTA/RF_model/results"
directory has vanished: "/users/yhb18174/Recreating_DMTA/RF_model/scripts"
RF_model/.git/objects/b7/
RF_model/.git/objects/b8/
RF_model/.git/objects/b9/
RF_model/.git/objects/ba/
RF_model/.git/objects/bb/
RF_model/.git/objects/bc/
RF_model/.git/objects/bd/
RF_model/.git/objects/be/
RF_model/.git/objects/bf/
RF_model/.git/objects/c0/
RF_model/.git/objects/c1/
RF_model/.git/objects/c2/
RF_model/.git/objects/c3/
RF_model/.git/objects/c4/
RF_model/.git/objects/c5/
RF_model/.git/objects/c6/
RF_model/.git/objects/c7/
RF_model/.git/objects/c8/
RF_model/.git/objects/c9/
RF_model/.git/objects/ca/
RF_model/.git/objects/cb/
RF_model/.git/objects/cc/
RF_model/.git/objects/cd/
RF_model/.git/objects/ce/
RF_model/.git/objects/cf/
RF_model/.git/objects/d0/
RF_model/.git/objects/d1/
RF_model/.git/objects/d2/
RF_model/.git/objects/d3/
RF_model/.git/objects/d4/
RF_model/.git/objects/d5/
RF_model/.git/objects/d6/
RF_model/.git/objects/d7/
RF_model/.git/objects/d8/
RF_model/.git/objects/d9/
RF_model/.git/objects/da/
RF_model/.git/objects/db/
RF_model/.git/objects/dc/
RF_model/.git/objects/dd/
RF_model/.git/objects/de/
RF_model/.git/objects/df/
RF_model/.git/objects/e0/
RF_model/.git/objects/e1/
RF_model/.git/objects/e2/
RF_model/.git/objects/e3/
RF_model/.git/objects/e4/
RF_model/.git/objects/e5/
RF_model/.git/objects/e6/
RF_model/.git/objects/e7/
RF_model/.git/objects/e8/
RF_model/.git/objects/e9/
