sending incremental file list
Recreating_DMTA/
Recreating_DMTA/.git/
Recreating_DMTA/.git/index
Recreating_DMTA/.git/branches/
Recreating_DMTA/.git/hooks/
Recreating_DMTA/.git/info/
Recreating_DMTA/.git/logs/
Recreating_DMTA/.git/logs/HEAD
Recreating_DMTA/.git/logs/refs/
Recreating_DMTA/.git/logs/refs/heads/
Recreating_DMTA/.git/logs/refs/heads/stage
Recreating_DMTA/.git/logs/refs/remotes/
Recreating_DMTA/.git/logs/refs/remotes/github/
Recreating_DMTA/.git/logs/refs/remotes/github/stage
Recreating_DMTA/.git/modules/
Recreating_DMTA/.git/modules/scripts/
Recreating_DMTA/.git/modules/scripts/dataset/
Recreating_DMTA/.git/modules/scripts/dataset/Lilly-Medchem-Rules/
Recreating_DMTA/.git/modules/scripts/dataset/Lilly-Medchem-Rules/hooks/
Recreating_DMTA/.git/modules/scripts/dataset/Lilly-Medchem-Rules/info/
Recreating_DMTA/.git/modules/scripts/dataset/Lilly-Medchem-Rules/logs/
Recreating_DMTA/.git/modules/scripts/dataset/Lilly-Medchem-Rules/logs/refs/
Recreating_DMTA/.git/modules/scripts/dataset/Lilly-Medchem-Rules/logs/refs/heads/
Recreating_DMTA/.git/modules/scripts/dataset/Lilly-Medchem-Rules/logs/refs/remotes/
Recreating_DMTA/.git/modules/scripts/dataset/Lilly-Medchem-Rules/logs/refs/remotes/origin/
Recreating_DMTA/.git/modules/scripts/dataset/Lilly-Medchem-Rules/objects/
Recreating_DMTA/.git/modules/scripts/dataset/Lilly-Medchem-Rules/objects/info/
Recreating_DMTA/.git/modules/scripts/dataset/Lilly-Medchem-Rules/objects/pack/
Recreating_DMTA/.git/modules/scripts/dataset/Lilly-Medchem-Rules/refs/
Recreating_DMTA/.git/modules/scripts/dataset/Lilly-Medchem-Rules/refs/heads/
Recreating_DMTA/.git/modules/scripts/dataset/Lilly-Medchem-Rules/refs/remotes/
Recreating_DMTA/.git/modules/scripts/dataset/Lilly-Medchem-Rules/refs/remotes/origin/
Recreating_DMTA/.git/modules/scripts/dataset/Lilly-Medchem-Rules/refs/tags/
